<?xml version="1.0" encoding="UTF-8"?>
<testng-results ignored="0" total="3" passed="3" failed="0" skipped="0">
  <reporter-output>
    <line>
      <![CDATA[expected [Smartbazaar – World of Asian Foods] but found [Smartbazaa – World of Asian Foods]]]>
    </line>
    <line>
      <![CDATA[Fail]]>
    </line>
  </reporter-output>
  <suite started-at="2023-02-26T15:06:47 GMT" name="Default Suite" finished-at="2023-02-26T15:08:09 GMT" duration-ms="81885">
    <groups>
      <group name="cucumber">
        <method signature="AbstractTestNGCucumberTests.runScenario(io.cucumber.testng.PickleWrapper,io.cucumber.testng.FeatureWrapper)[pri:0, instance:TestRunner.TestRunner1@37654521]" name="runScenario" class="io.cucumber.testng.AbstractTestNGCucumberTests"/>
      </group> <!-- cucumber -->
    </groups>
    <test started-at="2023-02-26T15:06:47 GMT" name="org.smartbazaar.com" finished-at="2023-02-26T15:08:09 GMT" duration-ms="81885">
      <class name="TestRunner.TestRunner1">
        <test-method is-config="true" signature="setUpClass(org.testng.ITestContext)[pri:0, instance:TestRunner.TestRunner1@37654521]" started-at="2023-02-26T15:06:47 GMT" name="setUpClass" finished-at="2023-02-26T15:06:49 GMT" duration-ms="2019" status="PASS">
          <params>
            <param index="0">
              <value>
                <![CDATA[org.testng.TestRunner@5e9bbd9d]]>
              </value>
            </param>
          </params>
          <reporter-output>
          </reporter-output>
        </test-method> <!-- setUpClass -->
        <test-method signature="runScenario(io.cucumber.testng.PickleWrapper,io.cucumber.testng.FeatureWrapper)[pri:0, instance:TestRunner.TestRunner1@37654521]" started-at="2023-02-26T15:06:49 GMT" name="runScenario" description="Runs Cucumber Scenarios" data-provider="scenarios" finished-at="2023-02-26T15:07:13 GMT" duration-ms="23496" status="PASS">
          <params>
            <param index="0">
              <value>
                <![CDATA["User want check the title of the application"]]>
              </value>
            </param>
            <param index="1">
              <value>
                <![CDATA["Test the title of the application"]]>
              </value>
            </param>
          </params>
          <reporter-output>
            <line>
              <![CDATA[expected [Smartbazaar – World of Asian Foods] but found [Smartbazaa – World of Asian Foods]]]>
            </line>
            <line>
              <![CDATA[Fail]]>
            </line>
          </reporter-output>
        </test-method> <!-- runScenario -->
        <test-method signature="runScenario(io.cucumber.testng.PickleWrapper,io.cucumber.testng.FeatureWrapper)[pri:0, instance:TestRunner.TestRunner1@37654521]" started-at="2023-02-26T15:07:13 GMT" name="runScenario" description="Runs Cucumber Scenarios" data-provider="scenarios" finished-at="2023-02-26T15:07:42 GMT" duration-ms="29114" status="PASS">
          <params>
            <param index="0">
              <value>
                <![CDATA["User wants to search the products"]]>
              </value>
            </param>
            <param index="1">
              <value>
                <![CDATA["To check the functionality of the search"]]>
              </value>
            </param>
          </params>
          <reporter-output>
          </reporter-output>
        </test-method> <!-- runScenario -->
        <test-method signature="runScenario(io.cucumber.testng.PickleWrapper,io.cucumber.testng.FeatureWrapper)[pri:0, instance:TestRunner.TestRunner1@37654521]" started-at="2023-02-26T15:07:42 GMT" name="runScenario" description="Runs Cucumber Scenarios" data-provider="scenarios" finished-at="2023-02-26T15:08:09 GMT" duration-ms="26748" status="PASS">
          <params>
            <param index="0">
              <value>
                <![CDATA["User wants to search the products"]]>
              </value>
            </param>
            <param index="1">
              <value>
                <![CDATA["To check the functionality of the search"]]>
              </value>
            </param>
          </params>
          <reporter-output>
          </reporter-output>
        </test-method> <!-- runScenario -->
        <test-method is-config="true" signature="tearDownClass()[pri:0, instance:TestRunner.TestRunner1@37654521]" started-at="2023-02-26T15:08:09 GMT" name="tearDownClass" finished-at="2023-02-26T15:08:09 GMT" duration-ms="332" status="PASS">
          <reporter-output>
          </reporter-output>
        </test-method> <!-- tearDownClass -->
      </class> <!-- TestRunner.TestRunner1 -->
    </test> <!-- org.smartbazaar.com -->
  </suite> <!-- Default Suite -->
</testng-results>
